# JRE version: OpenJDK Runtime Environment (8.0_152-b03) (build 1.8.0_152-release-1136-b03)
# Java VM: OpenJDK 64-Bit Server VM (25.152-b03 mixed mode windows-amd64 compressed oops)
Heap:
 PSYoungGen      total 328192K, used 171120K [0x00000000e0000000, 0x00000000f7000000, 0x0000000100000000)
  eden space 305152K, 48% used [0x00000000e0000000,0x00000000e909c8b8,0x00000000f2a00000)
  from space 23040K, 99% used [0x00000000f5980000,0x00000000f6fffab8,0x00000000f7000000)
  to   space 27648K, 0% used [0x00000000f3a00000,0x00000000f3a00000,0x00000000f5500000)
 ParOldGen       total 195072K, used 38076K [0x00000000a0000000, 0x00000000abe80000, 0x00000000e0000000)
  object space 195072K, 19% used [0x00000000a0000000,0x00000000a252f288,0x00000000abe80000)
 Metaspace       used 69375K, capacity 72164K, committed 72232K, reserved 1112064K
  class space    used 9378K, capacity 10015K, committed 10032K, reserved 1048576K
GC Heap History (10 events):
Event: 8.455 GC heap before
{Heap before GC invocations=9 (full 2):
 PSYoungGen      total 151552K, used 138240K [0x00000000e0000000, 0x00000000ef780000, 0x0000000100000000)
  eden space 138240K, 100% used [0x00000000e0000000,0x00000000e8700000,0x00000000e8700000)
  from space 13312K, 0% used [0x00000000e9400000,0x00000000e9400000,0x00000000ea100000)
  to   space 13312K, 0% used [0x00000000e8700000,0x00000000e8700000,0x00000000e9400000)
 ParOldGen       total 138240K, used 14237K [0x00000000a0000000, 0x00000000a8700000, 0x00000000e0000000)
  object space 138240K, 10% used [0x00000000a0000000,0x00000000a0de7708,0x00000000a8700000)
 Metaspace       used 43527K, capacity 44600K, committed 44840K, reserved 1087488K
  class space    used 5999K, capacity 6347K, committed 6448K, reserved 1048576K
Event: 8.470 GC heap after
Heap after GC invocations=9 (full 2):
 PSYoungGen      total 151552K, used 13301K [0x00000000e0000000, 0x00000000f0900000, 0x0000000100000000)
  eden space 138240K, 0% used [0x00000000e0000000,0x00000000e0000000,0x00000000e8700000)
  from space 13312K, 99% used [0x00000000e8700000,0x00000000e93fd498,0x00000000e9400000)
  to   space 15872K, 0% used [0x00000000ef980000,0x00000000ef980000,0x00000000f0900000)
 ParOldGen       total 138240K, used 15847K [0x00000000a0000000, 0x00000000a8700000, 0x00000000e0000000)
  object space 138240K, 11% used [0x00000000a0000000,0x00000000a0f79db8,0x00000000a8700000)
 Metaspace       used 43527K, capacity 44600K, committed 44840K, reserved 1087488K
  class space    used 5999K, capacity 6347K, committed 6448K, reserved 1048576K
}
Event: 11.085 GC heap before
{Heap before GC invocations=10 (full 2):
 PSYoungGen      total 151552K, used 151541K [0x00000000e0000000, 0x00000000f0900000, 0x0000000100000000)
  eden space 138240K, 100% used [0x00000000e0000000,0x00000000e8700000,0x00000000e8700000)
  from space 13312K, 99% used [0x00000000e8700000,0x00000000e93fd498,0x00000000e9400000)
  to   space 15872K, 0% used [0x00000000ef980000,0x00000000ef980000,0x00000000f0900000)
 ParOldGen       total 138240K, used 15847K [0x00000000a0000000, 0x00000000a8700000, 0x00000000e0000000)
  object space 138240K, 11% used [0x00000000a0000000,0x00000000a0f79db8,0x00000000a8700000)
 Metaspace       used 54796K, capacity 56544K, committed 56616K, reserved 1097728K
  class space    used 7489K, capacity 7931K, committed 7984K, reserved 1048576K
Event: 11.103 GC heap after
Heap after GC invocations=10 (full 2):
 PSYoungGen      total 249344K, used 15870K [0x00000000e0000000, 0x00000000f0c00000, 0x0000000100000000)
  eden space 233472K, 0% used [0x00000000e0000000,0x00000000e0000000,0x00000000ee400000)
  from space 15872K, 99% used [0x00000000ef980000,0x00000000f08ffbf8,0x00000000f0900000)
  to   space 20480K, 0% used [0x00000000ee400000,0x00000000ee400000,0x00000000ef800000)
 ParOldGen       total 138240K, used 22847K [0x00000000a0000000, 0x00000000a8700000, 0x00000000e0000000)
  object space 138240K, 16% used [0x00000000a0000000,0x00000000a164fdf8,0x00000000a8700000)
 Metaspace       used 54796K, capacity 56544K, committed 56616K, reserved 1097728K
  class space    used 7489K, capacity 7931K, committed 7984K, reserved 1048576K
}
Event: 11.676 GC heap before
{Heap before GC invocations=11 (full 2):
 PSYoungGen      total 249344K, used 65404K [0x00000000e0000000, 0x00000000f0c00000, 0x0000000100000000)
  eden space 233472K, 21% used [0x00000000e0000000,0x00000000e305f6d0,0x00000000ee400000)
  from space 15872K, 99% used [0x00000000ef980000,0x00000000f08ffbf8,0x00000000f0900000)
  to   space 20480K, 0% used [0x00000000ee400000,0x00000000ee400000,0x00000000ef800000)
 ParOldGen       total 138240K, used 22847K [0x00000000a0000000, 0x00000000a8700000, 0x00000000e0000000)
  object space 138240K, 16% used [0x00000000a0000000,0x00000000a164fdf8,0x00000000a8700000)
 Metaspace       used 57298K, capacity 59038K, committed 59160K, reserved 1099776K
  class space    used 7845K, capacity 8292K, committed 8368K, reserved 1048576K
Event: 11.693 GC heap after
Heap after GC invocations=11 (full 2):
 PSYoungGen      total 253952K, used 20216K [0x00000000e0000000, 0x00000000f7000000, 0x0000000100000000)
  eden space 233472K, 0% used [0x00000000e0000000,0x00000000e0000000,0x00000000ee400000)
  from space 20480K, 98% used [0x00000000ee400000,0x00000000ef7be338,0x00000000ef800000)
  to   space 23040K, 0% used [0x00000000f5980000,0x00000000f5980000,0x00000000f7000000)
 ParOldGen       total 138240K, used 22855K [0x00000000a0000000, 0x00000000a8700000, 0x00000000e0000000)
  object space 138240K, 16% used [0x00000000a0000000,0x00000000a1651df8,0x00000000a8700000)
 Metaspace       used 57298K, capacity 59038K, committed 59160K, reserved 1099776K
  class space    used 7845K, capacity 8292K, committed 8368K, reserved 1048576K
}
Event: 11.693 GC heap before
{Heap before GC invocations=12 (full 3):
 PSYoungGen      total 253952K, used 20216K [0x00000000e0000000, 0x00000000f7000000, 0x0000000100000000)
  eden space 233472K, 0% used [0x00000000e0000000,0x00000000e0000000,0x00000000ee400000)
  from space 20480K, 98% used [0x00000000ee400000,0x00000000ef7be338,0x00000000ef800000)
  to   space 23040K, 0% used [0x00000000f5980000,0x00000000f5980000,0x00000000f7000000)
 ParOldGen       total 138240K, used 22855K [0x00000000a0000000, 0x00000000a8700000, 0x00000000e0000000)
  object space 138240K, 16% used [0x00000000a0000000,0x00000000a1651df8,0x00000000a8700000)
 Metaspace       used 57298K, capacity 59038K, committed 59160K, reserved 1099776K
  class space    used 7845K, capacity 8292K, committed 8368K, reserved 1048576K
Event: 11.916 GC heap after
Heap after GC invocations=12 (full 3):
 PSYoungGen      total 253952K, used 0K [0x00000000e0000000, 0x00000000f7000000, 0x0000000100000000)
  eden space 233472K, 0% used [0x00000000e0000000,0x00000000e0000000,0x00000000ee400000)
  from space 20480K, 0% used [0x00000000ee400000,0x00000000ee400000,0x00000000ef800000)
  to   space 23040K, 0% used [0x00000000f5980000,0x00000000f5980000,0x00000000f7000000)
 ParOldGen       total 195072K, used 34319K [0x00000000a0000000, 0x00000000abe80000, 0x00000000e0000000)
  object space 195072K, 17% used [0x00000000a0000000,0x00000000a2183c98,0x00000000abe80000)
 Metaspace       used 57298K, capacity 59038K, committed 59160K, reserved 1099776K
  class space    used 7845K, capacity 8292K, committed 8368K, reserved 1048576K
}
Event: 14.055 GC heap before
{Heap before GC invocations=13 (full 3):
 PSYoungGen      total 253952K, used 233472K [0x00000000e0000000, 0x00000000f7000000, 0x0000000100000000)
  eden space 233472K, 100% used [0x00000000e0000000,0x00000000ee400000,0x00000000ee400000)
  from space 20480K, 0% used [0x00000000ee400000,0x00000000ee400000,0x00000000ef800000)
  to   space 23040K, 0% used [0x00000000f5980000,0x00000000f5980000,0x00000000f7000000)
 ParOldGen       total 195072K, used 34319K [0x00000000a0000000, 0x00000000abe80000, 0x00000000e0000000)
  object space 195072K, 17% used [0x00000000a0000000,0x00000000a2183c98,0x00000000abe80000)
 Metaspace       used 68923K, capacity 71646K, committed 71976K, reserved 1112064K
  class space    used 9335K, capacity 9964K, committed 10032K, reserved 1048576K
Event: 14.083 GC heap after
Heap after GC invocations=13 (full 3):
 PSYoungGen      total 328192K, used 23038K [0x00000000e0000000, 0x00000000f7000000, 0x0000000100000000)
  eden space 305152K, 0% used [0x00000000e0000000,0x00000000e0000000,0x00000000f2a00000)
  from space 23040K, 99% used [0x00000000f5980000,0x00000000f6fffab8,0x00000000f7000000)
  to   space 27648K, 0% used [0x00000000f3a00000,0x00000000f3a00000,0x00000000f5500000)
 ParOldGen       total 195072K, used 38076K [0x00000000a0000000, 0x00000000abe80000, 0x00000000e0000000)
  object space 195072K, 19% used [0x00000000a0000000,0x00000000a252f288,0x00000000abe80000)
 Metaspace       used 68923K, capacity 71646K, committed 71976K, reserved 1112064K
  class space    used 9335K, capacity 9964K, committed 10032K, reserved 1048576K
}

