# JRE version: OpenJDK Runtime Environment (8.0_152-b03) (build 1.8.0_152-release-1136-b03)
# Java VM: OpenJDK 64-Bit Server VM (25.152-b03 mixed mode windows-amd64 compressed oops)
Heap:
 PSYoungGen      total 174592K, used 39413K [0x00000000e0000000, 0x00000000f2380000, 0x0000000100000000)
  eden space 160768K, 15% used [0x00000000e0000000,0x00000000e1905438,0x00000000e9d00000)
  from space 13824K, 99% used [0x00000000e9d00000,0x00000000eaa783a0,0x00000000eaa80000)
  to   space 16896K, 0% used [0x00000000f1300000,0x00000000f1300000,0x00000000f2380000)
 ParOldGen       total 139776K, used 19095K [0x00000000a0000000, 0x00000000a8880000, 0x00000000e0000000)
  object space 139776K, 13% used [0x00000000a0000000,0x00000000a12a5dc8,0x00000000a8880000)
 Metaspace       used 49891K, capacity 51402K, committed 51544K, reserved 1093632K
  class space    used 6790K, capacity 7241K, committed 7256K, reserved 1048576K
GC Heap History (10 events):
Event: 4.948 GC heap before
{Heap before GC invocations=5 (full 1):
 PSYoungGen      total 76288K, used 65536K [0x00000000e0000000, 0x00000000e9500000, 0x0000000100000000)
  eden space 65536K, 100% used [0x00000000e0000000,0x00000000e4000000,0x00000000e4000000)
  from space 10752K, 0% used [0x00000000e4000000,0x00000000e4000000,0x00000000e4a80000)
  to   space 10752K, 0% used [0x00000000e8a80000,0x00000000e8a80000,0x00000000e9500000)
 ParOldGen       total 101376K, used 8593K [0x00000000a0000000, 0x00000000a6300000, 0x00000000e0000000)
  object space 101376K, 8% used [0x00000000a0000000,0x00000000a08645c0,0x00000000a6300000)
 Metaspace       used 25959K, capacity 26458K, committed 26624K, reserved 1073152K
  class space    used 3643K, capacity 3803K, committed 3840K, reserved 1048576K
Event: 4.955 GC heap after
Heap after GC invocations=5 (full 1):
 PSYoungGen      total 110080K, used 6565K [0x00000000e0000000, 0x00000000e9100000, 0x0000000100000000)
  eden space 103424K, 0% used [0x00000000e0000000,0x00000000e0000000,0x00000000e6500000)
  from space 6656K, 98% used [0x00000000e8a80000,0x00000000e90e94e0,0x00000000e9100000)
  to   space 10752K, 0% used [0x00000000e7c00000,0x00000000e7c00000,0x00000000e8680000)
 ParOldGen       total 101376K, used 8601K [0x00000000a0000000, 0x00000000a6300000, 0x00000000e0000000)
  object space 101376K, 8% used [0x00000000a0000000,0x00000000a08665c0,0x00000000a6300000)
 Metaspace       used 25959K, capacity 26458K, committed 26624K, reserved 1073152K
  class space    used 3643K, capacity 3803K, committed 3840K, reserved 1048576K
}
Event: 6.470 GC heap before
{Heap before GC invocations=6 (full 1):
 PSYoungGen      total 110080K, used 109989K [0x00000000e0000000, 0x00000000e9100000, 0x0000000100000000)
  eden space 103424K, 100% used [0x00000000e0000000,0x00000000e6500000,0x00000000e6500000)
  from space 6656K, 98% used [0x00000000e8a80000,0x00000000e90e94e0,0x00000000e9100000)
  to   space 10752K, 0% used [0x00000000e7c00000,0x00000000e7c00000,0x00000000e8680000)
 ParOldGen       total 101376K, used 8601K [0x00000000a0000000, 0x00000000a6300000, 0x00000000e0000000)
  object space 101376K, 8% used [0x00000000a0000000,0x00000000a08665c0,0x00000000a6300000)
 Metaspace       used 33293K, capacity 34242K, committed 34560K, reserved 1079296K
  class space    used 4691K, capacity 4995K, committed 5120K, reserved 1048576K
Event: 6.480 GC heap after
Heap after GC invocations=6 (full 1):
 PSYoungGen      total 137728K, used 10723K [0x00000000e0000000, 0x00000000eb880000, 0x0000000100000000)
  eden space 126976K, 0% used [0x00000000e0000000,0x00000000e0000000,0x00000000e7c00000)
  from space 10752K, 99% used [0x00000000e7c00000,0x00000000e8678c88,0x00000000e8680000)
  to   space 14336K, 0% used [0x00000000eaa80000,0x00000000eaa80000,0x00000000eb880000)
 ParOldGen       total 101376K, used 11429K [0x00000000a0000000, 0x00000000a6300000, 0x00000000e0000000)
  object space 101376K, 11% used [0x00000000a0000000,0x00000000a0b294f8,0x00000000a6300000)
 Metaspace       used 33293K, capacity 34242K, committed 34560K, reserved 1079296K
  class space    used 4691K, capacity 4995K, committed 5120K, reserved 1048576K
}
Event: 6.575 GC heap before
{Heap before GC invocations=7 (full 1):
 PSYoungGen      total 137728K, used 17325K [0x00000000e0000000, 0x00000000eb880000, 0x0000000100000000)
  eden space 126976K, 5% used [0x00000000e0000000,0x00000000e0672b68,0x00000000e7c00000)
  from space 10752K, 99% used [0x00000000e7c00000,0x00000000e8678c88,0x00000000e8680000)
  to   space 14336K, 0% used [0x00000000eaa80000,0x00000000eaa80000,0x00000000eb880000)
 ParOldGen       total 101376K, used 11429K [0x00000000a0000000, 0x00000000a6300000, 0x00000000e0000000)
  object space 101376K, 11% used [0x00000000a0000000,0x00000000a0b294f8,0x00000000a6300000)
 Metaspace       used 34347K, capacity 35284K, committed 35416K, reserved 1079296K
  class space    used 4832K, capacity 5151K, committed 5208K, reserved 1048576K
Event: 6.585 GC heap after
Heap after GC invocations=7 (full 1):
 PSYoungGen      total 175104K, used 9245K [0x00000000e0000000, 0x00000000ef880000, 0x0000000100000000)
  eden space 160768K, 0% used [0x00000000e0000000,0x00000000e0000000,0x00000000e9d00000)
  from space 14336K, 64% used [0x00000000eaa80000,0x00000000eb387648,0x00000000eb880000)
  to   space 13824K, 0% used [0x00000000e9d00000,0x00000000e9d00000,0x00000000eaa80000)
 ParOldGen       total 101376K, used 11437K [0x00000000a0000000, 0x00000000a6300000, 0x00000000e0000000)
  object space 101376K, 11% used [0x00000000a0000000,0x00000000a0b2b4f8,0x00000000a6300000)
 Metaspace       used 34347K, capacity 35284K, committed 35416K, reserved 1079296K
  class space    used 4832K, capacity 5151K, committed 5208K, reserved 1048576K
}
Event: 6.585 GC heap before
{Heap before GC invocations=8 (full 2):
 PSYoungGen      total 175104K, used 9245K [0x00000000e0000000, 0x00000000ef880000, 0x0000000100000000)
  eden space 160768K, 0% used [0x00000000e0000000,0x00000000e0000000,0x00000000e9d00000)
  from space 14336K, 64% used [0x00000000eaa80000,0x00000000eb387648,0x00000000eb880000)
  to   space 13824K, 0% used [0x00000000e9d00000,0x00000000e9d00000,0x00000000eaa80000)
 ParOldGen       total 101376K, used 11437K [0x00000000a0000000, 0x00000000a6300000, 0x00000000e0000000)
  object space 101376K, 11% used [0x00000000a0000000,0x00000000a0b2b4f8,0x00000000a6300000)
 Metaspace       used 34347K, capacity 35284K, committed 35416K, reserved 1079296K
  class space    used 4832K, capacity 5151K, committed 5208K, reserved 1048576K
Event: 6.629 GC heap after
Heap after GC invocations=8 (full 2):
 PSYoungGen      total 175104K, used 0K [0x00000000e0000000, 0x00000000ef880000, 0x0000000100000000)
  eden space 160768K, 0% used [0x00000000e0000000,0x00000000e0000000,0x00000000e9d00000)
  from space 14336K, 0% used [0x00000000eaa80000,0x00000000eaa80000,0x00000000eb880000)
  to   space 13824K, 0% used [0x00000000e9d00000,0x00000000e9d00000,0x00000000eaa80000)
 ParOldGen       total 139776K, used 15877K [0x00000000a0000000, 0x00000000a8880000, 0x00000000e0000000)
  object space 139776K, 11% used [0x00000000a0000000,0x00000000a0f81690,0x00000000a8880000)
 Metaspace       used 34347K, capacity 35284K, committed 35416K, reserved 1079296K
  class space    used 4832K, capacity 5151K, committed 5208K, reserved 1048576K
}
Event: 8.768 GC heap before
{Heap before GC invocations=9 (full 2):
 PSYoungGen      total 175104K, used 160768K [0x00000000e0000000, 0x00000000ef880000, 0x0000000100000000)
  eden space 160768K, 100% used [0x00000000e0000000,0x00000000e9d00000,0x00000000e9d00000)
  from space 14336K, 0% used [0x00000000eaa80000,0x00000000eaa80000,0x00000000eb880000)
  to   space 13824K, 0% used [0x00000000e9d00000,0x00000000e9d00000,0x00000000eaa80000)
 ParOldGen       total 139776K, used 15877K [0x00000000a0000000, 0x00000000a8880000, 0x00000000e0000000)
  object space 139776K, 11% used [0x00000000a0000000,0x00000000a0f81690,0x00000000a8880000)
 Metaspace       used 47430K, capacity 48696K, committed 48984K, reserved 1091584K
  class space    used 6486K, capacity 6902K, committed 7000K, reserved 1048576K
Event: 8.786 GC heap after
Heap after GC invocations=9 (full 2):
 PSYoungGen      total 174592K, used 13792K [0x00000000e0000000, 0x00000000f2380000, 0x0000000100000000)
  eden space 160768K, 0% used [0x00000000e0000000,0x00000000e0000000,0x00000000e9d00000)
  from space 13824K, 99% used [0x00000000e9d00000,0x00000000eaa783a0,0x00000000eaa80000)
  to   space 16896K, 0% used [0x00000000f1300000,0x00000000f1300000,0x00000000f2380000)
 ParOldGen       total 139776K, used 19095K [0x00000000a0000000, 0x00000000a8880000, 0x00000000e0000000)
  object space 139776K, 13% used [0x00000000a0000000,0x00000000a12a5dc8,0x00000000a8880000)
 Metaspace       used 47430K, capacity 48696K, committed 48984K, reserved 1091584K
  class space    used 6486K, capacity 6902K, committed 7000K, reserved 1048576K
}

