# JRE version: OpenJDK Runtime Environment (8.0_152-b03) (build 1.8.0_152-release-1136-b03)
# Java VM: OpenJDK 64-Bit Server VM (25.152-b03 mixed mode windows-amd64 compressed oops)
Heap:
 PSYoungGen      total 225280K, used 89858K [0x00000000e0000000, 0x00000000efb00000, 0x0000000100000000)
  eden space 194560K, 42% used [0x00000000e0000000,0x00000000e50628e0,0x00000000ebe00000)
  from space 30720K, 24% used [0x00000000edd00000,0x00000000ee45df88,0x00000000efb00000)
  to   space 31232K, 0% used [0x00000000ebe00000,0x00000000ebe00000,0x00000000edc80000)
 ParOldGen       total 295936K, used 87668K [0x00000000a0000000, 0x00000000b2100000, 0x00000000e0000000)
  object space 295936K, 29% used [0x00000000a0000000,0x00000000a559d330,0x00000000b2100000)
 Metaspace       used 93906K, capacity 99134K, committed 99584K, reserved 1136640K
  class space    used 11834K, capacity 13093K, committed 13312K, reserved 1048576K
GC Heap History (10 events):
Event: 1292.164 GC heap before
{Heap before GC invocations=28 (full 3):
 PSYoungGen      total 156160K, used 148237K [0x00000000e0000000, 0x00000000edc00000, 0x0000000100000000)
  eden space 125952K, 97% used [0x00000000e0000000,0x00000000e7866de0,0x00000000e7b00000)
  from space 30208K, 82% used [0x00000000e9a80000,0x00000000eb2dc900,0x00000000eb800000)
  to   space 32256K, 0% used [0x00000000e7b00000,0x00000000e7b00000,0x00000000e9a80000)
 ParOldGen       total 220160K, used 81142K [0x00000000a0000000, 0x00000000ad700000, 0x00000000e0000000)
  object space 220160K, 36% used [0x00000000a0000000,0x00000000a4f3db20,0x00000000ad700000)
 Metaspace       used 92920K, capacity 98288K, committed 98348K, reserved 1134592K
  class space    used 11835K, capacity 13150K, committed 13184K, reserved 1048576K
Event: 1292.192 GC heap after
Heap after GC invocations=28 (full 3):
 PSYoungGen      total 158208K, used 15757K [0x00000000e0000000, 0x00000000ed400000, 0x0000000100000000)
  eden space 125952K, 0% used [0x00000000e0000000,0x00000000e0000000,0x00000000e7b00000)
  from space 32256K, 48% used [0x00000000e7b00000,0x00000000e8a63648,0x00000000e9a80000)
  to   space 30720K, 0% used [0x00000000eb600000,0x00000000eb600000,0x00000000ed400000)
 ParOldGen       total 220160K, used 87667K [0x00000000a0000000, 0x00000000ad700000, 0x00000000e0000000)
  object space 220160K, 39% used [0x00000000a0000000,0x00000000a559ce48,0x00000000ad700000)
 Metaspace       used 92920K, capacity 98288K, committed 98348K, reserved 1134592K
  class space    used 11835K, capacity 13150K, committed 13184K, reserved 1048576K
}
Event: 1292.192 GC heap before
{Heap before GC invocations=29 (full 4):
 PSYoungGen      total 158208K, used 15757K [0x00000000e0000000, 0x00000000ed400000, 0x0000000100000000)
  eden space 125952K, 0% used [0x00000000e0000000,0x00000000e0000000,0x00000000e7b00000)
  from space 32256K, 48% used [0x00000000e7b00000,0x00000000e8a63648,0x00000000e9a80000)
  to   space 30720K, 0% used [0x00000000eb600000,0x00000000eb600000,0x00000000ed400000)
 ParOldGen       total 220160K, used 87667K [0x00000000a0000000, 0x00000000ad700000, 0x00000000e0000000)
  object space 220160K, 39% used [0x00000000a0000000,0x00000000a559ce48,0x00000000ad700000)
 Metaspace       used 92920K, capacity 98288K, committed 98348K, reserved 1134592K
  class space    used 11835K, capacity 13150K, committed 13184K, reserved 1048576K
Event: 1292.509 GC heap after
Heap after GC invocations=29 (full 4):
 PSYoungGen      total 158208K, used 0K [0x00000000e0000000, 0x00000000ed400000, 0x0000000100000000)
  eden space 125952K, 0% used [0x00000000e0000000,0x00000000e0000000,0x00000000e7b00000)
  from space 32256K, 0% used [0x00000000e7b00000,0x00000000e7b00000,0x00000000e9a80000)
  to   space 30720K, 0% used [0x00000000eb600000,0x00000000eb600000,0x00000000ed400000)
 ParOldGen       total 295936K, used 80234K [0x00000000a0000000, 0x00000000b2100000, 0x00000000e0000000)
  object space 295936K, 27% used [0x00000000a0000000,0x00000000a4e5a8d0,0x00000000b2100000)
 Metaspace       used 92449K, capacity 97062K, committed 98348K, reserved 1134592K
  class space    used 11675K, capacity 12893K, committed 13184K, reserved 1048576K
}
Event: 1293.022 GC heap before
{Heap before GC invocations=30 (full 4):
 PSYoungGen      total 158208K, used 125952K [0x00000000e0000000, 0x00000000ed400000, 0x0000000100000000)
  eden space 125952K, 100% used [0x00000000e0000000,0x00000000e7b00000,0x00000000e7b00000)
  from space 32256K, 0% used [0x00000000e7b00000,0x00000000e7b00000,0x00000000e9a80000)
  to   space 30720K, 0% used [0x00000000eb600000,0x00000000eb600000,0x00000000ed400000)
 ParOldGen       total 295936K, used 80234K [0x00000000a0000000, 0x00000000b2100000, 0x00000000e0000000)
  object space 295936K, 27% used [0x00000000a0000000,0x00000000a4e5a8d0,0x00000000b2100000)
 Metaspace       used 93632K, capacity 98846K, committed 99244K, reserved 1134592K
  class space    used 11830K, capacity 13093K, committed 13312K, reserved 1048576K
Event: 1293.036 GC heap after
Heap after GC invocations=30 (full 4):
 PSYoungGen      total 185856K, used 6274K [0x00000000e0000000, 0x00000000ed600000, 0x0000000100000000)
  eden space 155136K, 0% used [0x00000000e0000000,0x00000000e0000000,0x00000000e9780000)
  from space 30720K, 20% used [0x00000000eb600000,0x00000000ebc20900,0x00000000ed400000)
  to   space 31232K, 0% used [0x00000000e9780000,0x00000000e9780000,0x00000000eb600000)
 ParOldGen       total 295936K, used 80242K [0x00000000a0000000, 0x00000000b2100000, 0x00000000e0000000)
  object space 295936K, 27% used [0x00000000a0000000,0x00000000a4e5c8d0,0x00000000b2100000)
 Metaspace       used 93632K, capacity 98846K, committed 99244K, reserved 1134592K
  class space    used 11830K, capacity 13093K, committed 13312K, reserved 1048576K
}
Event: 1293.524 GC heap before
{Heap before GC invocations=31 (full 4):
 PSYoungGen      total 185856K, used 161410K [0x00000000e0000000, 0x00000000ed600000, 0x0000000100000000)
  eden space 155136K, 100% used [0x00000000e0000000,0x00000000e9780000,0x00000000e9780000)
  from space 30720K, 20% used [0x00000000eb600000,0x00000000ebc20900,0x00000000ed400000)
  to   space 31232K, 0% used [0x00000000e9780000,0x00000000e9780000,0x00000000eb600000)
 ParOldGen       total 295936K, used 80242K [0x00000000a0000000, 0x00000000b2100000, 0x00000000e0000000)
  object space 295936K, 27% used [0x00000000a0000000,0x00000000a4e5c8d0,0x00000000b2100000)
 Metaspace       used 93809K, capacity 99062K, committed 99584K, reserved 1136640K
  class space    used 11833K, capacity 13093K, committed 13312K, reserved 1048576K
Event: 1293.544 GC heap after
Heap after GC invocations=31 (full 4):
 PSYoungGen      total 186368K, used 4176K [0x00000000e0000000, 0x00000000efc00000, 0x0000000100000000)
  eden space 155136K, 0% used [0x00000000e0000000,0x00000000e0000000,0x00000000e9780000)
  from space 31232K, 13% used [0x00000000e9780000,0x00000000e9b94130,0x00000000eb600000)
  to   space 31744K, 0% used [0x00000000edd00000,0x00000000edd00000,0x00000000efc00000)
 ParOldGen       total 295936K, used 85022K [0x00000000a0000000, 0x00000000b2100000, 0x00000000e0000000)
  object space 295936K, 28% used [0x00000000a0000000,0x00000000a5307a18,0x00000000b2100000)
 Metaspace       used 93809K, capacity 99062K, committed 99584K, reserved 1136640K
  class space    used 11833K, capacity 13093K, committed 13312K, reserved 1048576K
}
Event: 1293.953 GC heap before
{Heap before GC invocations=32 (full 4):
 PSYoungGen      total 186368K, used 159312K [0x00000000e0000000, 0x00000000efc00000, 0x0000000100000000)
  eden space 155136K, 100% used [0x00000000e0000000,0x00000000e9780000,0x00000000e9780000)
  from space 31232K, 13% used [0x00000000e9780000,0x00000000e9b94130,0x00000000eb600000)
  to   space 31744K, 0% used [0x00000000edd00000,0x00000000edd00000,0x00000000efc00000)
 ParOldGen       total 295936K, used 85022K [0x00000000a0000000, 0x00000000b2100000, 0x00000000e0000000)
  object space 295936K, 28% used [0x00000000a0000000,0x00000000a5307a18,0x00000000b2100000)
 Metaspace       used 93892K, capacity 99134K, committed 99584K, reserved 1136640K
  class space    used 11833K, capacity 13093K, committed 13312K, reserved 1048576K
Event: 1293.966 GC heap after
Heap after GC invocations=32 (full 4):
 PSYoungGen      total 225280K, used 7543K [0x00000000e0000000, 0x00000000efb00000, 0x0000000100000000)
  eden space 194560K, 0% used [0x00000000e0000000,0x00000000e0000000,0x00000000ebe00000)
  from space 30720K, 24% used [0x00000000edd00000,0x00000000ee45df88,0x00000000efb00000)
  to   space 31232K, 0% used [0x00000000ebe00000,0x00000000ebe00000,0x00000000edc80000)
 ParOldGen       total 295936K, used 87668K [0x00000000a0000000, 0x00000000b2100000, 0x00000000e0000000)
  object space 295936K, 29% used [0x00000000a0000000,0x00000000a559d330,0x00000000b2100000)
 Metaspace       used 93892K, capacity 99134K, committed 99584K, reserved 1136640K
  class space    used 11833K, capacity 13093K, committed 13312K, reserved 1048576K
}

