# JRE version: OpenJDK Runtime Environment (8.0_152-b03) (build 1.8.0_152-release-1136-b03)
# Java VM: OpenJDK 64-Bit Server VM (25.152-b03 mixed mode windows-amd64 compressed oops)
Heap:
 PSYoungGen      total 157184K, used 136842K [0x00000000e0000000, 0x00000000efc00000, 0x0000000100000000)
  eden space 143360K, 95% used [0x00000000e0000000,0x00000000e85a2af0,0x00000000e8c00000)
  from space 13824K, 0% used [0x00000000e9980000,0x00000000e9980000,0x00000000ea700000)
  to   space 13824K, 0% used [0x00000000e8c00000,0x00000000e8c00000,0x00000000e9980000)
 ParOldGen       total 137216K, used 14101K [0x00000000a0000000, 0x00000000a8600000, 0x00000000e0000000)
  object space 137216K, 10% used [0x00000000a0000000,0x00000000a0dc5648,0x00000000a8600000)
 Metaspace       used 43377K, capacity 44380K, committed 44456K, reserved 1087488K
  class space    used 5982K, capacity 6315K, committed 6320K, reserved 1048576K
GC Heap History (10 events):
Event: 2.825 GC heap before
{Heap before GC invocations=4 (full 1):
 PSYoungGen      total 76288K, used 8811K [0x00000000e0000000, 0x00000000e9500000, 0x0000000100000000)
  eden space 65536K, 0% used [0x00000000e0000000,0x00000000e0000000,0x00000000e4000000)
  from space 10752K, 81% used [0x00000000e4000000,0x00000000e489afe0,0x00000000e4a80000)
  to   space 10752K, 0% used [0x00000000e8a80000,0x00000000e8a80000,0x00000000e9500000)
 ParOldGen       total 175104K, used 82K [0x00000000a0000000, 0x00000000aab00000, 0x00000000e0000000)
  object space 175104K, 0% used [0x00000000a0000000,0x00000000a0014ad8,0x00000000aab00000)
 Metaspace       used 20775K, capacity 21192K, committed 21296K, reserved 1067008K
  class space    used 2919K, capacity 3076K, committed 3120K, reserved 1048576K
Event: 2.862 GC heap after
Heap after GC invocations=4 (full 1):
 PSYoungGen      total 76288K, used 0K [0x00000000e0000000, 0x00000000e9500000, 0x0000000100000000)
  eden space 65536K, 0% used [0x00000000e0000000,0x00000000e0000000,0x00000000e4000000)
  from space 10752K, 0% used [0x00000000e4000000,0x00000000e4000000,0x00000000e4a80000)
  to   space 10752K, 0% used [0x00000000e8a80000,0x00000000e8a80000,0x00000000e9500000)
 ParOldGen       total 106496K, used 8585K [0x00000000a0000000, 0x00000000a6800000, 0x00000000e0000000)
  object space 106496K, 8% used [0x00000000a0000000,0x00000000a0862420,0x00000000a6800000)
 Metaspace       used 20775K, capacity 21192K, committed 21296K, reserved 1067008K
  class space    used 2919K, capacity 3076K, committed 3120K, reserved 1048576K
}
Event: 3.750 GC heap before
{Heap before GC invocations=5 (full 1):
 PSYoungGen      total 76288K, used 65536K [0x00000000e0000000, 0x00000000e9500000, 0x0000000100000000)
  eden space 65536K, 100% used [0x00000000e0000000,0x00000000e4000000,0x00000000e4000000)
  from space 10752K, 0% used [0x00000000e4000000,0x00000000e4000000,0x00000000e4a80000)
  to   space 10752K, 0% used [0x00000000e8a80000,0x00000000e8a80000,0x00000000e9500000)
 ParOldGen       total 106496K, used 8585K [0x00000000a0000000, 0x00000000a6800000, 0x00000000e0000000)
  object space 106496K, 8% used [0x00000000a0000000,0x00000000a0862420,0x00000000a6800000)
 Metaspace       used 26539K, capacity 26984K, committed 27184K, reserved 1073152K
  class space    used 3644K, capacity 3803K, committed 3888K, reserved 1048576K
Event: 3.758 GC heap after
Heap after GC invocations=5 (full 1):
 PSYoungGen      total 104448K, used 7038K [0x00000000e0000000, 0x00000000e9180000, 0x0000000100000000)
  eden space 97280K, 0% used [0x00000000e0000000,0x00000000e0000000,0x00000000e5f00000)
  from space 7168K, 98% used [0x00000000e8a80000,0x00000000e915f9e8,0x00000000e9180000)
  to   space 10752K, 0% used [0x00000000e7c80000,0x00000000e7c80000,0x00000000e8700000)
 ParOldGen       total 106496K, used 8593K [0x00000000a0000000, 0x00000000a6800000, 0x00000000e0000000)
  object space 106496K, 8% used [0x00000000a0000000,0x00000000a0864420,0x00000000a6800000)
 Metaspace       used 26539K, capacity 26984K, committed 27184K, reserved 1073152K
  class space    used 3644K, capacity 3803K, committed 3888K, reserved 1048576K
}
Event: 4.910 GC heap before
{Heap before GC invocations=6 (full 1):
 PSYoungGen      total 104448K, used 104318K [0x00000000e0000000, 0x00000000e9180000, 0x0000000100000000)
  eden space 97280K, 100% used [0x00000000e0000000,0x00000000e5f00000,0x00000000e5f00000)
  from space 7168K, 98% used [0x00000000e8a80000,0x00000000e915f9e8,0x00000000e9180000)
  to   space 10752K, 0% used [0x00000000e7c80000,0x00000000e7c80000,0x00000000e8700000)
 ParOldGen       total 106496K, used 8593K [0x00000000a0000000, 0x00000000a6800000, 0x00000000e0000000)
  object space 106496K, 8% used [0x00000000a0000000,0x00000000a0864420,0x00000000a6800000)
 Metaspace       used 34202K, capacity 34958K, committed 35248K, reserved 1079296K
  class space    used 4774K, capacity 4993K, committed 5040K, reserved 1048576K
Event: 4.921 GC heap after
Heap after GC invocations=6 (full 1):
 PSYoungGen      total 138240K, used 10751K [0x00000000e0000000, 0x00000000ea700000, 0x0000000100000000)
  eden space 127488K, 0% used [0x00000000e0000000,0x00000000e0000000,0x00000000e7c80000)
  from space 10752K, 99% used [0x00000000e7c80000,0x00000000e86ffd50,0x00000000e8700000)
  to   space 13824K, 0% used [0x00000000e9980000,0x00000000e9980000,0x00000000ea700000)
 ParOldGen       total 106496K, used 10672K [0x00000000a0000000, 0x00000000a6800000, 0x00000000e0000000)
  object space 106496K, 10% used [0x00000000a0000000,0x00000000a0a6c0a8,0x00000000a6800000)
 Metaspace       used 34202K, capacity 34958K, committed 35248K, reserved 1079296K
  class space    used 4774K, capacity 4993K, committed 5040K, reserved 1048576K
}
Event: 4.948 GC heap before
{Heap before GC invocations=7 (full 1):
 PSYoungGen      total 138240K, used 12817K [0x00000000e0000000, 0x00000000ea700000, 0x0000000100000000)
  eden space 127488K, 1% used [0x00000000e0000000,0x00000000e02046f0,0x00000000e7c80000)
  from space 10752K, 99% used [0x00000000e7c80000,0x00000000e86ffd50,0x00000000e8700000)
  to   space 13824K, 0% used [0x00000000e9980000,0x00000000e9980000,0x00000000ea700000)
 ParOldGen       total 106496K, used 10672K [0x00000000a0000000, 0x00000000a6800000, 0x00000000e0000000)
  object space 106496K, 10% used [0x00000000a0000000,0x00000000a0a6c0a8,0x00000000a6800000)
 Metaspace       used 34643K, capacity 35374K, committed 35496K, reserved 1079296K
  class space    used 4809K, capacity 5025K, committed 5040K, reserved 1048576K
Event: 4.954 GC heap after
Heap after GC invocations=7 (full 1):
 PSYoungGen      total 157184K, used 7465K [0x00000000e0000000, 0x00000000efc00000, 0x0000000100000000)
  eden space 143360K, 0% used [0x00000000e0000000,0x00000000e0000000,0x00000000e8c00000)
  from space 13824K, 54% used [0x00000000e9980000,0x00000000ea0ca528,0x00000000ea700000)
  to   space 13824K, 0% used [0x00000000e8c00000,0x00000000e8c00000,0x00000000e9980000)
 ParOldGen       total 106496K, used 10672K [0x00000000a0000000, 0x00000000a6800000, 0x00000000e0000000)
  object space 106496K, 10% used [0x00000000a0000000,0x00000000a0a6c0a8,0x00000000a6800000)
 Metaspace       used 34643K, capacity 35374K, committed 35496K, reserved 1079296K
  class space    used 4809K, capacity 5025K, committed 5040K, reserved 1048576K
}
Event: 4.954 GC heap before
{Heap before GC invocations=8 (full 2):
 PSYoungGen      total 157184K, used 7465K [0x00000000e0000000, 0x00000000efc00000, 0x0000000100000000)
  eden space 143360K, 0% used [0x00000000e0000000,0x00000000e0000000,0x00000000e8c00000)
  from space 13824K, 54% used [0x00000000e9980000,0x00000000ea0ca528,0x00000000ea700000)
  to   space 13824K, 0% used [0x00000000e8c00000,0x00000000e8c00000,0x00000000e9980000)
 ParOldGen       total 106496K, used 10672K [0x00000000a0000000, 0x00000000a6800000, 0x00000000e0000000)
  object space 106496K, 10% used [0x00000000a0000000,0x00000000a0a6c0a8,0x00000000a6800000)
 Metaspace       used 34643K, capacity 35374K, committed 35496K, reserved 1079296K
  class space    used 4809K, capacity 5025K, committed 5040K, reserved 1048576K
Event: 4.997 GC heap after
Heap after GC invocations=8 (full 2):
 PSYoungGen      total 157184K, used 0K [0x00000000e0000000, 0x00000000efc00000, 0x0000000100000000)
  eden space 143360K, 0% used [0x00000000e0000000,0x00000000e0000000,0x00000000e8c00000)
  from space 13824K, 0% used [0x00000000e9980000,0x00000000e9980000,0x00000000ea700000)
  to   space 13824K, 0% used [0x00000000e8c00000,0x00000000e8c00000,0x00000000e9980000)
 ParOldGen       total 137216K, used 14101K [0x00000000a0000000, 0x00000000a8600000, 0x00000000e0000000)
  object space 137216K, 10% used [0x00000000a0000000,0x00000000a0dc5648,0x00000000a8600000)
 Metaspace       used 34643K, capacity 35374K, committed 35496K, reserved 1079296K
  class space    used 4809K, capacity 5025K, committed 5040K, reserved 1048576K
}

