# JRE version: OpenJDK Runtime Environment (8.0_152-b03) (build 1.8.0_152-release-1136-b03)
# Java VM: OpenJDK 64-Bit Server VM (25.152-b03 mixed mode windows-amd64 compressed oops)
Heap:
 PSYoungGen      total 479744K, used 88785K [0x00000000e0000000, 0x0000000100000000, 0x0000000100000000)
  eden space 439808K, 19% used [0x00000000e0000000,0x00000000e54069c8,0x00000000fad80000)
  from space 39936K, 6% used [0x00000000fad80000,0x00000000fb02dda8,0x00000000fd480000)
  to   space 39936K, 0% used [0x00000000fd900000,0x00000000fd900000,0x0000000100000000)
 ParOldGen       total 149504K, used 102380K [0x00000000a0000000, 0x00000000a9200000, 0x00000000e0000000)
  object space 149504K, 68% used [0x00000000a0000000,0x00000000a63fb250,0x00000000a9200000)
 Metaspace       used 88655K, capacity 93254K, committed 93568K, reserved 1130496K
  class space    used 11546K, capacity 12561K, committed 12672K, reserved 1048576K
GC Heap History (10 events):
Event: 138.084 GC heap before
{Heap before GC invocations=14 (full 3):
 PSYoungGen      total 468480K, used 468469K [0x00000000e0000000, 0x0000000100000000, 0x0000000100000000)
  eden space 437248K, 100% used [0x00000000e0000000,0x00000000fab00000,0x00000000fab00000)
  from space 31232K, 99% used [0x00000000fe180000,0x00000000ffffd518,0x0000000100000000)
  to   space 43520K, 0% used [0x00000000fab00000,0x00000000fab00000,0x00000000fd580000)
 ParOldGen       total 149504K, used 67858K [0x00000000a0000000, 0x00000000a9200000, 0x00000000e0000000)
  object space 149504K, 45% used [0x00000000a0000000,0x00000000a4244830,0x00000000a9200000)
 Metaspace       used 88221K, capacity 92796K, committed 93056K, reserved 1130496K
  class space    used 11535K, capacity 12554K, committed 12672K, reserved 1048576K
Event: 138.120 GC heap after
Heap after GC invocations=14 (full 3):
 PSYoungGen      total 480768K, used 8405K [0x00000000e0000000, 0x0000000100000000, 0x0000000100000000)
  eden space 437248K, 0% used [0x00000000e0000000,0x00000000e0000000,0x00000000fab00000)
  from space 43520K, 19% used [0x00000000fab00000,0x00000000fb335670,0x00000000fd580000)
  to   space 43008K, 0% used [0x00000000fd600000,0x00000000fd600000,0x0000000100000000)
 ParOldGen       total 149504K, used 92154K [0x00000000a0000000, 0x00000000a9200000, 0x00000000e0000000)
  object space 149504K, 61% used [0x00000000a0000000,0x00000000a59feb28,0x00000000a9200000)
 Metaspace       used 88221K, capacity 92796K, committed 93056K, reserved 1130496K
  class space    used 11535K, capacity 12554K, committed 12672K, reserved 1048576K
}
Event: 139.087 GC heap before
{Heap before GC invocations=15 (full 3):
 PSYoungGen      total 480768K, used 445653K [0x00000000e0000000, 0x0000000100000000, 0x0000000100000000)
  eden space 437248K, 100% used [0x00000000e0000000,0x00000000fab00000,0x00000000fab00000)
  from space 43520K, 19% used [0x00000000fab00000,0x00000000fb335670,0x00000000fd580000)
  to   space 43008K, 0% used [0x00000000fd600000,0x00000000fd600000,0x0000000100000000)
 ParOldGen       total 149504K, used 92154K [0x00000000a0000000, 0x00000000a9200000, 0x00000000e0000000)
  object space 149504K, 61% used [0x00000000a0000000,0x00000000a59feb28,0x00000000a9200000)
 Metaspace       used 88386K, capacity 92948K, committed 93312K, reserved 1130496K
  class space    used 11536K, capacity 12554K, committed 12672K, reserved 1048576K
Event: 139.101 GC heap after
Heap after GC invocations=15 (full 3):
 PSYoungGen      total 479232K, used 7038K [0x00000000e0000000, 0x00000000ffe80000, 0x0000000100000000)
  eden space 437760K, 0% used [0x00000000e0000000,0x00000000e0000000,0x00000000fab80000)
  from space 41472K, 16% used [0x00000000fd600000,0x00000000fdcdfad8,0x00000000ffe80000)
  to   space 42496K, 0% used [0x00000000fab80000,0x00000000fab80000,0x00000000fd500000)
 ParOldGen       total 149504K, used 96106K [0x00000000a0000000, 0x00000000a9200000, 0x00000000e0000000)
  object space 149504K, 64% used [0x00000000a0000000,0x00000000a5dda9b8,0x00000000a9200000)
 Metaspace       used 88386K, capacity 92948K, committed 93312K, reserved 1130496K
  class space    used 11536K, capacity 12554K, committed 12672K, reserved 1048576K
}
Event: 140.032 GC heap before
{Heap before GC invocations=16 (full 3):
 PSYoungGen      total 479232K, used 444798K [0x00000000e0000000, 0x00000000ffe80000, 0x0000000100000000)
  eden space 437760K, 100% used [0x00000000e0000000,0x00000000fab80000,0x00000000fab80000)
  from space 41472K, 16% used [0x00000000fd600000,0x00000000fdcdfad8,0x00000000ffe80000)
  to   space 42496K, 0% used [0x00000000fab80000,0x00000000fab80000,0x00000000fd500000)
 ParOldGen       total 149504K, used 96106K [0x00000000a0000000, 0x00000000a9200000, 0x00000000e0000000)
  object space 149504K, 64% used [0x00000000a0000000,0x00000000a5dda9b8,0x00000000a9200000)
 Metaspace       used 88470K, capacity 93024K, committed 93312K, reserved 1130496K
  class space    used 11536K, capacity 12554K, committed 12672K, reserved 1048576K
Event: 140.043 GC heap after
Heap after GC invocations=16 (full 3):
 PSYoungGen      total 480256K, used 6832K [0x00000000e0000000, 0x0000000100000000, 0x0000000100000000)
  eden space 437760K, 0% used [0x00000000e0000000,0x00000000e0000000,0x00000000fab80000)
  from space 42496K, 16% used [0x00000000fab80000,0x00000000fb22c238,0x00000000fd500000)
  to   space 41984K, 0% used [0x00000000fd700000,0x00000000fd700000,0x0000000100000000)
 ParOldGen       total 149504K, used 99368K [0x00000000a0000000, 0x00000000a9200000, 0x00000000e0000000)
  object space 149504K, 66% used [0x00000000a0000000,0x00000000a610a208,0x00000000a9200000)
 Metaspace       used 88470K, capacity 93024K, committed 93312K, reserved 1130496K
  class space    used 11536K, capacity 12554K, committed 12672K, reserved 1048576K
}
Event: 140.902 GC heap before
{Heap before GC invocations=17 (full 3):
 PSYoungGen      total 480256K, used 444592K [0x00000000e0000000, 0x0000000100000000, 0x0000000100000000)
  eden space 437760K, 100% used [0x00000000e0000000,0x00000000fab80000,0x00000000fab80000)
  from space 42496K, 16% used [0x00000000fab80000,0x00000000fb22c238,0x00000000fd500000)
  to   space 41984K, 0% used [0x00000000fd700000,0x00000000fd700000,0x0000000100000000)
 ParOldGen       total 149504K, used 99368K [0x00000000a0000000, 0x00000000a9200000, 0x00000000e0000000)
  object space 149504K, 66% used [0x00000000a0000000,0x00000000a610a208,0x00000000a9200000)
 Metaspace       used 88526K, capacity 93152K, committed 93312K, reserved 1130496K
  class space    used 11536K, capacity 12554K, committed 12672K, reserved 1048576K
Event: 140.918 GC heap after
Heap after GC invocations=17 (full 3):
 PSYoungGen      total 477184K, used 12437K [0x00000000e0000000, 0x00000000ffb80000, 0x0000000100000000)
  eden space 439808K, 0% used [0x00000000e0000000,0x00000000e0000000,0x00000000fad80000)
  from space 37376K, 33% used [0x00000000fd700000,0x00000000fe325760,0x00000000ffb80000)
  to   space 39936K, 0% used [0x00000000fad80000,0x00000000fad80000,0x00000000fd480000)
 ParOldGen       total 149504K, used 99648K [0x00000000a0000000, 0x00000000a9200000, 0x00000000e0000000)
  object space 149504K, 66% used [0x00000000a0000000,0x00000000a6150228,0x00000000a9200000)
 Metaspace       used 88526K, capacity 93152K, committed 93312K, reserved 1130496K
  class space    used 11536K, capacity 12554K, committed 12672K, reserved 1048576K
}
Event: 141.880 GC heap before
{Heap before GC invocations=18 (full 3):
 PSYoungGen      total 477184K, used 452245K [0x00000000e0000000, 0x00000000ffb80000, 0x0000000100000000)
  eden space 439808K, 100% used [0x00000000e0000000,0x00000000fad80000,0x00000000fad80000)
  from space 37376K, 33% used [0x00000000fd700000,0x00000000fe325760,0x00000000ffb80000)
  to   space 39936K, 0% used [0x00000000fad80000,0x00000000fad80000,0x00000000fd480000)
 ParOldGen       total 149504K, used 99648K [0x00000000a0000000, 0x00000000a9200000, 0x00000000e0000000)
  object space 149504K, 66% used [0x00000000a0000000,0x00000000a6150228,0x00000000a9200000)
 Metaspace       used 88576K, capacity 93164K, committed 93312K, reserved 1130496K
  class space    used 11537K, capacity 12556K, committed 12672K, reserved 1048576K
Event: 141.886 GC heap after
Heap after GC invocations=18 (full 3):
 PSYoungGen      total 479744K, used 2743K [0x00000000e0000000, 0x0000000100000000, 0x0000000100000000)
  eden space 439808K, 0% used [0x00000000e0000000,0x00000000e0000000,0x00000000fad80000)
  from space 39936K, 6% used [0x00000000fad80000,0x00000000fb02dda8,0x00000000fd480000)
  to   space 39936K, 0% used [0x00000000fd900000,0x00000000fd900000,0x0000000100000000)
 ParOldGen       total 149504K, used 102380K [0x00000000a0000000, 0x00000000a9200000, 0x00000000e0000000)
  object space 149504K, 68% used [0x00000000a0000000,0x00000000a63fb250,0x00000000a9200000)
 Metaspace       used 88576K, capacity 93164K, committed 93312K, reserved 1130496K
  class space    used 11537K, capacity 12556K, committed 12672K, reserved 1048576K
}

